<?xml version="1.0" encoding="UTF-8"?>
<!-- Generated by org.testng.reporters.JUnitReportReporter -->
<testsuite hostname="DESKTOP-5R7CBE7" failures="0" tests="1" name="Qrg.QafoxProject.Desktop.Desktop_Mac_Test" time="91.220" errors="0" timestamp="2025-01-15T13:59:54 IST" skipped="0">
  <testcase classname="Qrg.QafoxProject.Desktop.Desktop_Mac_Test" name="addProduct_Desktop_Mac" time="91.220"/>
  <system-out>
    <![CDATA[iMac
Apple
Product Code:Product 14
Availability:Out Of Stock
$122.00
Ex Tax:$100.00
QTY is entered sucessfully
add cart button click sucessfully 
Description
Reviews (0)
Just when you thought iMac had everything, now there´s even more. More powerful Intel Core 2 Duo processors. And more memory standard. Combine this with Mac OS X Leopard and iLife ´08, and it´s more all-in-one than ever. iMac packs amazing performance into a stunningly slim space.
iMac
Brand: Apple
Product Code:Product 14
Availability:Out Of Stock
$122.00
Ex Tax:$100.00
Qty

Add to Cart
0 reviews / Write a review
Related Products
Apple Cinema 30"
The 30-inch Apple Cinema HD Display delivers an amazing 2560 x 1600 pixel resolution. Designed speci..
$110.00 $122.00
Ex Tax:$90.00
ADD TO CART
Just when you thought iMac had everything, now there´s even more. More powerful Intel Core 2 Duo processors. And more memory standard. Combine this with Mac OS X Leopard and iLife ´08, and it´s more all-in-one than ever. iMac packs amazing performance into a stunningly slim space.
shopping cart button click sucessfull
view cart button click sucessfull
check out button click sucessfull
Products marked with *** are not available in the desired quantity or not in stock!
×]]>
  </system-out>
</testsuite> <!-- Qrg.QafoxProject.Desktop.Desktop_Mac_Test -->
