<?xml version="1.0" encoding="UTF-8"?>
<!-- Generated by org.testng.reporters.JUnitReportReporter -->
<testsuite hostname="DESKTOP-5R7CBE7" failures="0" tests="1" name="Qrg.QafoxProject_SoftWare.SoftWare_Test" time="1.307" errors="0" timestamp="2025-01-08T18:38:50 IST" skipped="0">
  <testcase classname="Qrg.QafoxProject_SoftWare.SoftWare_Test" name="add_software_product" time="1.307"/>
  <system-out>
    <![CDATA[Software_Product Added]]>
  </system-out>
</testsuite> <!-- Qrg.QafoxProject_SoftWare.SoftWare_Test -->
