<?xml version="1.0" encoding="UTF-8"?>
<!-- Generated by org.testng.reporters.JUnitReportReporter -->
<testsuite hostname="DESKTOP-5R7CBE7" failures="0" tests="1" name="Qrg.QafoxProject.Desktop.Desktop_Pc_Test" time="13.281" errors="0" timestamp="2025-01-16T17:31:33 IST" skipped="0">
  <testcase classname="Qrg.QafoxProject.Desktop.Desktop_Pc_Test" name="addProduct_Desktop_Pc" time="13.281"/>
  <system-out>
    <![CDATA[Desktops_Mac_Product Added]]>
  </system-out>
</testsuite> <!-- Qrg.QafoxProject.Desktop.Desktop_Pc_Test -->
