<?xml version="1.0" encoding="UTF-8"?>
<!-- Generated by org.testng.reporters.JUnitReportReporter -->
<testsuite hostname="DESKTOP-5R7CBE7" failures="0" tests="2" name="Qrg.QafoxProject.RegisterAccount.RegisterAccountTest" time="2.423" errors="0" timestamp="2025-01-08T18:13:34 IST" skipped="0">
  <testcase classname="Qrg.QafoxProject.RegisterAccount.RegisterAccountTest" name="VerifyWithInValidInput" time="0.016"/>
  <system-out>
    <![CDATA[onTestStart...!!
RegisterAccount Verified With InValid Input
onTestSuccess...!!]]>
  </system-out>
  <testcase classname="Qrg.QafoxProject.RegisterAccount.RegisterAccountTest" name="VerifyWithValidInput" time="2.407"/>
  <system-out>
    <![CDATA[onTestStart...!!
RegisterAccount Verified With Valid Input
onTestSuccess...!!]]>
  </system-out>
</testsuite> <!-- Qrg.QafoxProject.RegisterAccount.RegisterAccountTest -->
