<?xml version="1.0" encoding="UTF-8"?>
<!-- Generated by org.testng.reporters.JUnitReportReporter -->
<testsuite hostname="DESKTOP-5R7CBE7" failures="0" tests="1" name="Org.QafoxProject.PageRepositry.RegisterAccount" time="26.666" errors="0" timestamp="2025-01-06T11:07:17 IST" skipped="0">
  <testcase classname="Org.QafoxProject.PageRepositry.RegisterAccount" name="RegisterAccount" time="26.666"/>
  <system-out/>
</testsuite> <!-- Org.QafoxProject.PageRepositry.RegisterAccount -->
