<?xml version="1.0" encoding="UTF-8"?>
<!-- Generated by org.testng.reporters.JUnitReportReporter -->
<testsuite hostname="DESKTOP-5R7CBE7" failures="0" tests="1" name="Og.QafoxProject.AccountLoginTest.AccountLoginTest" time="1.838" errors="0" timestamp="2025-01-08T08:56:48 IST" skipped="0">
  <testcase classname="Og.QafoxProject.AccountLoginTest.AccountLoginTest" name="accountLogin" time="1.838"/>
  <system-out>
    <![CDATA[Account login Succesfull]]>
  </system-out>
</testsuite> <!-- Og.QafoxProject.AccountLoginTest.AccountLoginTest -->
