<?xml version="1.0" encoding="UTF-8"?>
<!-- Generated by org.testng.reporters.JUnitReportReporter -->
<testsuite hostname="DESKTOP-5R7CBE7" failures="0" tests="2" name="Qrg.QafoxProject_Components.Components_Scanners_Test" time="30.646" errors="0" timestamp="2025-01-23T09:47:34 IST" skipped="1">
  <testcase classname="Qrg.QafoxProject_Components.Components_Scanners_Test" name="ScannerProduct_1" time="30.646"/>
  <system-out>
    <![CDATA[onTestStart...!!
Scanners
There are no products to list in this category.
h2
excel file is updated with the heading tag name
continue button click sucessfull
onTestSuccess...!!]]>
  </system-out>
  <testcase classname="Qrg.QafoxProject_Components.Components_Scanners_Test" name="ScannerProduct_0">
    <skipped/>
  </testcase> <!-- ScannerProduct_0 -->
  <system-out/>
</testsuite> <!-- Qrg.QafoxProject_Components.Components_Scanners_Test -->
