<?xml version="1.0" encoding="UTF-8"?>
<!-- Generated by org.testng.reporters.JUnitReportReporter -->
<testsuite hostname="DESKTOP-5R7CBE7" failures="0" tests="1" name="Demo.DemoTask" time="1.529" errors="0" timestamp="2025-01-10T13:05:27 IST" skipped="0">
  <testcase classname="Demo.DemoTask" name="extentsReport" time="1.529"/>
  <system-out/>
</testsuite> <!-- Demo.DemoTask -->
